error : Sun May 15 2022 18:17:53 GMT+0700 (Indochina Time)-undefined: "this.ClassroomEntity.s is not a function"
error : Sun May 15 2022 18:18:57 GMT+0700 (Indochina Time)-undefined: "this.ClassroomEntity.s is not a function"
error : Sun May 15 2022 18:20:06 GMT+0700 (Indochina Time)-undefined: "Cannot set properties of undefined (setting '')"
error : Sun May 15 2022 18:20:33 GMT+0700 (Indochina Time)-undefined: "Cannot set properties of undefined (setting '')"
error : Sun May 15 2022 18:29:44 GMT+0700 (Indochina Time)-undefined: "APIError is not a constructor"
error : Sun May 15 2022 18:30:22 GMT+0700 (Indochina Time)-undefined: "error is not a constructor"
error : Sun May 15 2022 18:30:37 GMT+0700 (Indochina Time)-undefined: "this.ClassroomEntity.u is not a function"
error : Wed May 18 2022 12:52:24 GMT+0700 (Indochina Time)-undefined: "Cannot read properties of undefined (reading '_id')"
error : Wed May 18 2022 12:55:27 GMT+0700 (Indochina Time)-undefined: "Cannot read properties of undefined (reading 'toString')"
error : Wed May 18 2022 13:22:53 GMT+0700 (Indochina Time)-undefined: "Cannot populate path `studentCheckin.user` because it is not in your schema. Set the `strictPopulate` option to false to override."
error : Wed May 18 2022 13:26:47 GMT+0700 (Indochina Time)-undefined: "Cannot populate path `studentCheckin.user` because it is not in your schema. Set the `strictPopulate` option to false to override."
error : Wed May 18 2022 13:28:01 GMT+0700 (Indochina Time)-undefined: "Cannot populate path `studentCheckin.user` because it is not in your schema. Set the `strictPopulate` option to false to override."
error : Wed May 18 2022 13:29:05 GMT+0700 (Indochina Time)-undefined: "Cannot populate path `studentCheckin.user` because it is not in your schema. Set the `strictPopulate` option to false to override."
error : Wed May 18 2022 13:50:48 GMT+0700 (Indochina Time)-undefined: "Cannot populate path `studentCheckin.user` because it is not in your schema. Set the `strictPopulate` option to false to override."
error : Wed May 18 2022 14:00:33 GMT+0700 (Indochina Time)-undefined: "Cannot populate path `studentsCheckin.lesson` because it is not in your schema. Set the `strictPopulate` option to false to override."
error : Wed May 18 2022 14:06:45 GMT+0700 (Indochina Time)-undefined: "Cannot populate path `studentsCheckin.lesson` because it is not in your schema. Set the `strictPopulate` option to false to override."
error : Wed May 18 2022 14:07:48 GMT+0700 (Indochina Time)-undefined: "Cannot populate path `studentsCheckin.lesson` because it is not in your schema. Set the `strictPopulate` option to false to override."
error : Wed May 18 2022 14:11:57 GMT+0700 (Indochina Time)-undefined: "HighScore is not defined"
error : Thu May 19 2022 13:13:06 GMT+0700 (Indochina Time)-undefined: "Cannot populate path `lessons` because it is not in your schema. Set the `strictPopulate` option to false to override."
error : Thu May 19 2022 13:13:38 GMT+0700 (Indochina Time)-undefined: "Cannot populate path `studentsCheckin.lesson` because it is not in your schema. Set the `strictPopulate` option to false to override."
error : Thu May 19 2022 13:14:01 GMT+0700 (Indochina Time)-undefined: "Cannot populate path `studentsCheckin.lessons` because it is not in your schema. Set the `strictPopulate` option to false to override."
error : Thu May 19 2022 14:48:31 GMT+0700 (Indochina Time)-undefined: "Cannot read properties of undefined (reading '_id')"
error : Thu May 19 2022 14:49:01 GMT+0700 (Indochina Time)-undefined: "Cannot read properties of undefined (reading '_id')"
error : Thu May 19 2022 14:50:15 GMT+0700 (Indochina Time)-undefined: "Cannot read properties of undefined (reading 'filter')"
error : Thu May 19 2022 18:24:09 GMT+0700 (Indochina Time)-undefined: "Cannot read properties of null (reading 'creator')"
error : Thu May 19 2022 18:25:12 GMT+0700 (Indochina Time)-undefined: "Invalid status code: undefined"
error : Thu May 19 2022 20:57:26 GMT+0700 (Indochina Time)-undefined: "service.GetUserProfile is not a function"
error : Thu May 19 2022 22:12:52 GMT+0700 (Indochina Time)-undefined: "Cannot read properties of null (reading 'favClassroom')"
error : Thu May 19 2022 22:13:19 GMT+0700 (Indochina Time)-undefined: "Cannot read properties of null (reading 'favoriteClassroom')"
error : Thu May 19 2022 22:14:17 GMT+0700 (Indochina Time)-undefined: "Cannot read properties of null (reading 'favoriteClassroom')"
error : Thu May 19 2022 22:15:53 GMT+0700 (Indochina Time)-undefined: "service.GetUserFavoriteClassrooms is not a function"
error : Thu May 19 2022 22:16:13 GMT+0700 (Indochina Time)-undefined: "service.GetUserFavoriteClassrooms is not a function"
error : Thu May 19 2022 22:16:31 GMT+0700 (Indochina Time)-undefined: "service.GetUserFavoriteClassrooms is not a function"
error : Thu May 19 2022 22:17:00 GMT+0700 (Indochina Time)-undefined: "service.GetUserFavoriteClassrooms is not a function"
error : Thu May 19 2022 22:17:20 GMT+0700 (Indochina Time)-undefined: "Cannot access 'ProfileModel' before initialization"
error : Thu May 19 2022 22:22:47 GMT+0700 (Indochina Time)-undefined: "Cannot do exclusion on field classroomImg in inclusion projection"
